<?xml version="1.0" encoding="UTF-8"?>
<!-- Generated by org.testng.reporters.JUnitReportReporter -->
<testsuite hostname="DESKTOP-6KN7LJ1" failures="0" tests="1" name="cucumberOptions.TestRunnertestNG" time="44.919" errors="0" timestamp="2022-08-26T01:38:27 IST" skipped="0">
  <testcase classname="cucumberOptions.TestRunnertestNG" name="runScenario" time="44.919"/>
  <system-out/>
</testsuite> <!-- cucumberOptions.TestRunnertestNG -->
